<?xml version="1.0" encoding="UTF-8"?>
<!-- Generated by org.testng.reporters.JUnitReportReporter -->
<testsuite skipped="0" hostname="m-c02xf1ncjgh7" name="com.test.chime.TakeHomeTest" tests="1" failures="0" timestamp="2020-06-26T00:39:35 PDT" time="1.252" errors="0">
  <testcase name="testOne" time="1.252" classname="com.test.chime.TakeHomeTest"/>
</testsuite> <!-- com.test.chime.TakeHomeTest -->
