<?xml version="1.0" encoding="UTF-8"?>
<!-- Generated by org.testng.reporters.JUnitReportReporter -->
<testsuite skipped="0" hostname="m-c02xf1ncjgh7" name="com.test.chime.TakeHomeTest" tests="2" failures="0" timestamp="21 Jun 2020 19:40:02 GMT" time="1.453" errors="0">
  <testcase name="testOne" time="0.963" classname="com.test.chime.TakeHomeTest"/>
  <testcase name="testTwo" time="0.490" classname="com.test.chime.TakeHomeTest"/>
</testsuite> <!-- com.test.chime.TakeHomeTest -->
