<?xml version="1.0" encoding="UTF-8"?>
<!-- Generated by org.testng.reporters.JUnitReportReporter -->
<testsuite skipped="0" hostname="m-c02xf1ncjgh7" name="com.test.chime.TakeHomeTest" tests="2" failures="0" timestamp="20 Jul 2020 01:07:29 GMT" time="1.682" errors="0">
  <testcase name="testTwo" time="0.455" classname="com.test.chime.TakeHomeTest"/>
  <testcase name="testOne" time="1.227" classname="com.test.chime.TakeHomeTest"/>
</testsuite> <!-- com.test.chime.TakeHomeTest -->
